2021-08-10 11:22:16.290  INFO 21868 --- [main] HelloWorldApplication   : Starting HelloWorldApplication using Java 1.8.0_291 on DESKTOP-NPH02G9 with PID 21868 (E:\Workspaces\springboot\boot-demo\HelloWorld\target\classes started by Administrator in E:\Workspaces\springboot\boot-demo)
2021-08-10 11:22:16.292 DEBUG 21868 --- [main] HelloWorldApplication   : Running with Spring Boot v2.5.3, Spring v5.3.9
2021-08-10 11:22:16.292  INFO 21868 --- [main] HelloWorldApplication   : No active profile set, falling back to default profiles: default
2021-08-10 11:22:16.866  INFO 21868 --- [main] o.s.b.w.embedded.tomcat.TomcatWebServer  : Tomcat initialized with port(s): 9090 (http)
2021-08-10 11:22:16.873  INFO 21868 --- [main] o.apache.catalina.core.StandardService   : Starting service [Tomcat]
2021-08-10 11:22:16.873  INFO 21868 --- [main] org.apache.catalina.core.StandardEngine  : Starting Servlet engine: [Apache Tomcat/9.0.50]
2021-08-10 11:22:16.922  INFO 21868 --- [main] o.a.c.c.C.[Tomcat].[localhost].[/]       : Initializing Spring embedded WebApplicationContext
2021-08-10 11:22:16.922  INFO 21868 --- [main] w.s.c.ServletWebServerApplicationContext : Root WebApplicationContext: initialization completed in 597 ms
2021-08-10 11:22:17.129  INFO 21868 --- [main] o.s.b.w.embedded.tomcat.TomcatWebServer  : Tomcat started on port(s): 9090 (http) with context path ''
2021-08-10 11:22:17.136  INFO 21868 --- [main] HelloWorldApplication   : Started HelloWorldApplication in 1.203 seconds (JVM running for 1.726)
2021-08-10 11:22:34.661  INFO 21868 --- [http-nio-9090-exec-1] o.a.c.c.C.[Tomcat].[localhost].[/]       : Initializing Spring DispatcherServlet 'dispatcherServlet'
2021-08-10 11:22:34.661  INFO 21868 --- [http-nio-9090-exec-1] o.s.web.servlet.DispatcherServlet        : Initializing Servlet 'dispatcherServlet'
2021-08-10 11:22:34.662  INFO 21868 --- [http-nio-9090-exec-1] o.s.web.servlet.DispatcherServlet        : Completed initialization in 1 ms
2021-08-10 11:22:34.674 TRACE 21868 --- [http-nio-9090-exec-1] c.e.boot.controller.HelloController      : trace
2021-08-10 11:22:34.674 DEBUG 21868 --- [http-nio-9090-exec-1] c.e.boot.controller.HelloController      : dubug
2021-08-10 11:22:34.674  INFO 21868 --- [http-nio-9090-exec-1] c.e.boot.controller.HelloController      : info
2021-08-10 11:22:34.674  WARN 21868 --- [http-nio-9090-exec-1] c.e.boot.controller.HelloController      : warn
2021-08-10 11:22:34.674 ERROR 21868 --- [http-nio-9090-exec-1] c.e.boot.controller.HelloController      : error
2021-08-10 11:24:58.083  INFO 36684 --- [main] HelloWorldApplication   : Starting HelloWorldApplication using Java 1.8.0_291 on DESKTOP-NPH02G9 with PID 36684 (E:\Workspaces\springboot\boot-demo\HelloWorld\target\classes started by Administrator in E:\Workspaces\springboot\boot-demo)
2021-08-10 11:24:58.085 DEBUG 36684 --- [main] HelloWorldApplication   : Running with Spring Boot v2.5.3, Spring v5.3.9
2021-08-10 11:24:58.085  INFO 36684 --- [main] HelloWorldApplication   : No active profile set, falling back to default profiles: default
2021-08-10 11:24:58.690  INFO 36684 --- [main] o.s.b.w.embedded.tomcat.TomcatWebServer  : Tomcat initialized with port(s): 9090 (http)
2021-08-10 11:24:58.696  INFO 36684 --- [main] o.apache.catalina.core.StandardService   : Starting service [Tomcat]
2021-08-10 11:24:58.696  INFO 36684 --- [main] org.apache.catalina.core.StandardEngine  : Starting Servlet engine: [Apache Tomcat/9.0.50]
2021-08-10 11:24:58.745  INFO 36684 --- [main] o.a.c.c.C.[Tomcat].[localhost].[/]       : Initializing Spring embedded WebApplicationContext
2021-08-10 11:24:58.745  INFO 36684 --- [main] w.s.c.ServletWebServerApplicationContext : Root WebApplicationContext: initialization completed in 625 ms
2021-08-10 11:24:58.950  INFO 36684 --- [main] o.s.b.w.embedded.tomcat.TomcatWebServer  : Tomcat started on port(s): 9090 (http) with context path ''
2021-08-10 11:24:58.957  INFO 36684 --- [main] HelloWorldApplication   : Started HelloWorldApplication in 1.227 seconds (JVM running for 1.724)
2021-08-10 11:25:26.521  INFO 38836 --- [main] HelloWorldApplication   : Starting HelloWorldApplication using Java 1.8.0_291 on DESKTOP-NPH02G9 with PID 38836 (E:\Workspaces\springboot\boot-demo\HelloWorld\target\classes started by Administrator in E:\Workspaces\springboot\boot-demo)
2021-08-10 11:25:26.523 DEBUG 38836 --- [main] HelloWorldApplication   : Running with Spring Boot v2.5.3, Spring v5.3.9
2021-08-10 11:25:26.523  INFO 38836 --- [main] HelloWorldApplication   : No active profile set, falling back to default profiles: default
2021-08-10 11:25:27.081  INFO 38836 --- [main] o.s.b.w.embedded.tomcat.TomcatWebServer  : Tomcat initialized with port(s): 9090 (http)
2021-08-10 11:25:27.087  INFO 38836 --- [main] o.apache.catalina.core.StandardService   : Starting service [Tomcat]
2021-08-10 11:25:27.088  INFO 38836 --- [main] org.apache.catalina.core.StandardEngine  : Starting Servlet engine: [Apache Tomcat/9.0.50]
2021-08-10 11:25:27.136  INFO 38836 --- [main] o.a.c.c.C.[Tomcat].[localhost].[/]       : Initializing Spring embedded WebApplicationContext
2021-08-10 11:25:27.136  INFO 38836 --- [main] w.s.c.ServletWebServerApplicationContext : Root WebApplicationContext: initialization completed in 578 ms
2021-08-10 11:25:27.337  INFO 38836 --- [main] o.s.b.w.embedded.tomcat.TomcatWebServer  : Tomcat started on port(s): 9090 (http) with context path ''
2021-08-10 11:25:27.344  INFO 38836 --- [main] HelloWorldApplication   : Started HelloWorldApplication in 1.145 seconds (JVM running for 1.681)
2021-08-10 11:26:31.787  INFO 38836 --- [http-nio-9090-exec-1] o.a.c.c.C.[Tomcat].[localhost].[/]       : Initializing Spring DispatcherServlet 'dispatcherServlet'
2021-08-10 11:26:31.787  INFO 38836 --- [http-nio-9090-exec-1] o.s.web.servlet.DispatcherServlet        : Initializing Servlet 'dispatcherServlet'
2021-08-10 11:26:31.788  INFO 38836 --- [http-nio-9090-exec-1] o.s.web.servlet.DispatcherServlet        : Completed initialization in 1 ms
2021-08-10 11:26:31.801 TRACE 38836 --- [http-nio-9090-exec-1] c.e.boot.controller.HelloController      : trace
2021-08-10 11:26:31.801 DEBUG 38836 --- [http-nio-9090-exec-1] c.e.boot.controller.HelloController      : dubug
2021-08-10 11:26:31.801  INFO 38836 --- [http-nio-9090-exec-1] c.e.boot.controller.HelloController      : info
2021-08-10 11:26:31.801  WARN 38836 --- [http-nio-9090-exec-1] c.e.boot.controller.HelloController      : warn
2021-08-10 11:26:31.801 ERROR 38836 --- [http-nio-9090-exec-1] c.e.boot.controller.HelloController      : error
2021-08-10 11:27:17.095  INFO 33424 --- [main] HelloWorldApplication   : Starting HelloWorldApplication using Java 1.8.0_291 on DESKTOP-NPH02G9 with PID 33424 (E:\Workspaces\springboot\boot-demo\HelloWorld\target\classes started by Administrator in E:\Workspaces\springboot\boot-demo)
2021-08-10 11:27:17.097 DEBUG 33424 --- [main] HelloWorldApplication   : Running with Spring Boot v2.5.3, Spring v5.3.9
2021-08-10 11:27:17.097  INFO 33424 --- [main] HelloWorldApplication   : No active profile set, falling back to default profiles: default
2021-08-10 11:27:17.668  INFO 33424 --- [main] o.s.b.w.embedded.tomcat.TomcatWebServer  : Tomcat initialized with port(s): 9090 (http)
2021-08-10 11:27:17.674  INFO 33424 --- [main] o.apache.catalina.core.StandardService   : Starting service [Tomcat]
2021-08-10 11:27:17.675  INFO 33424 --- [main] org.apache.catalina.core.StandardEngine  : Starting Servlet engine: [Apache Tomcat/9.0.50]
2021-08-10 11:27:17.723  INFO 33424 --- [main] o.a.c.c.C.[Tomcat].[localhost].[/]       : Initializing Spring embedded WebApplicationContext
2021-08-10 11:27:17.723  INFO 33424 --- [main] w.s.c.ServletWebServerApplicationContext : Root WebApplicationContext: initialization completed in 590 ms
2021-08-10 11:27:17.924  INFO 33424 --- [main] o.s.b.w.embedded.tomcat.TomcatWebServer  : Tomcat started on port(s): 9090 (http) with context path ''
2021-08-10 11:27:17.931  INFO 33424 --- [main] HelloWorldApplication   : Started HelloWorldApplication in 1.135 seconds (JVM running for 1.596)
2021-08-10 12:11:26.964  INFO 39368 --- [main] HelloWorldApplication   : Starting HelloWorldApplication using Java 1.8.0_291 on DESKTOP-NPH02G9 with PID 39368 (E:\Workspaces\springboot\boot-demo\HelloWorld\target\classes started by Administrator in E:\Workspaces\springboot\boot-demo)
2021-08-10 12:11:26.966 DEBUG 39368 --- [main] HelloWorldApplication   : Running with Spring Boot v2.5.3, Spring v5.3.9
2021-08-10 12:11:26.966  INFO 39368 --- [main] HelloWorldApplication   : No active profile set, falling back to default profiles: default
2021-08-10 12:11:27.546  INFO 39368 --- [main] o.s.b.w.embedded.tomcat.TomcatWebServer  : Tomcat initialized with port(s): 9090 (http)
2021-08-10 12:11:27.553  INFO 39368 --- [main] o.apache.catalina.core.StandardService   : Starting service [Tomcat]
2021-08-10 12:11:27.553  INFO 39368 --- [main] org.apache.catalina.core.StandardEngine  : Starting Servlet engine: [Apache Tomcat/9.0.50]
2021-08-10 12:11:27.610  INFO 39368 --- [main] o.a.c.c.C.[Tomcat].[localhost].[/]       : Initializing Spring embedded WebApplicationContext
2021-08-10 12:11:27.610  INFO 39368 --- [main] w.s.c.ServletWebServerApplicationContext : Root WebApplicationContext: initialization completed in 612 ms
2021-08-10 12:11:27.814  INFO 39368 --- [main] o.s.b.w.embedded.tomcat.TomcatWebServer  : Tomcat started on port(s): 9090 (http) with context path ''
2021-08-10 12:11:27.821  INFO 39368 --- [main] HelloWorldApplication   : Started HelloWorldApplication in 1.176 seconds (JVM running for 1.772)
